<?xml version="1.0" encoding="UTF-8"?>
<!-- Generated by org.testng.reporters.JUnitReportReporter -->
<testsuite hostname="8884349109" failures="0" tests="1" name="com.blazedemo.testcases.destinationpageTest" time="7.840" errors="0" timestamp="2025-01-30T22:37:31 IST" skipped="0">
  <testcase classname="com.blazedemo.testcases.destinationpageTest" name="validateURL" time="7.840"/>
</testsuite> <!-- com.blazedemo.testcases.destinationpageTest -->
