<?xml version="1.0" encoding="UTF-8"?>
<!-- Generated by org.testng.reporters.JUnitReportReporter -->
<testsuite hostname="8884349109" failures="0" tests="1" name="com.blazedemo.testcases.yourFlightPageTest" time="8.072" errors="0" timestamp="2025-01-31T00:15:48 IST" skipped="0">
  <testcase classname="com.blazedemo.testcases.yourFlightPageTest" name="totalCostformatTest" time="8.072"/>
</testsuite> <!-- com.blazedemo.testcases.yourFlightPageTest -->
