<?xml version="1.0" encoding="UTF-8"?>
<!-- Generated by org.testng.reporters.JUnitReportReporter -->
<testsuite hostname="8884349109" failures="0" tests="1" name="com.blazedemo.testcases.thankyouPageTest" time="8.346" errors="0" timestamp="2025-01-31T00:33:40 IST" skipped="0">
  <testcase classname="com.blazedemo.testcases.thankyouPageTest" name="printid" time="8.346"/>
</testsuite> <!-- com.blazedemo.testcases.thankyouPageTest -->
