<?xml version="1.0" encoding="UTF-8"?>
<!-- Generated by org.testng.reporters.JUnitReportReporter -->
<testsuite hostname="8884349109" failures="0" tests="1" name="com.blazedemo.testcases.welcomepageTest" time="7.650" errors="0" timestamp="2025-01-31T07:24:00 IST" skipped="0">
  <testcase classname="com.blazedemo.testcases.welcomepageTest" name="welcomepagetitletest" time="7.650"/>
</testsuite> <!-- com.blazedemo.testcases.welcomepageTest -->
