<?xml version="1.0" encoding="UTF-8"?>
<!-- Generated by org.testng.reporters.JUnitReportReporter -->
<testsuite hostname="8884349109" failures="0" tests="1" name="com.blazedemo.testcases.flightsListPageTest" time="7.404" errors="0" timestamp="2025-01-30T23:37:27 IST" skipped="0">
  <testcase classname="com.blazedemo.testcases.flightsListPageTest" name="test" time="7.404"/>
</testsuite> <!-- com.blazedemo.testcases.flightsListPageTest -->
